<?xml version="1.0" encoding="UTF-8"?>
<!-- Generated by org.testng.reporters.JUnitXMLReporter -->
<testsuite hostname="rppendya-MOBL1" ignored="0" name="allTests" tests="28" failures="12" timestamp="06 Jun 2018 05:20:09 GMT" time="189.699" errors="0">
  <testcase name="runTestCase" time="1.47" classname="calculatorTests.ShortTerm"/>
  <testcase name="runTestCase" time="1.497" classname="calculatorTests.ShortTerm"/>
  <testcase name="runTestCase" time="1.404" classname="calculatorTests.ShortTerm"/>
  <testcase name="runTestCase" time="1.452" classname="calculatorTests.ShortTerm"/>
  <testcase name="runTestCase" time="1.488" classname="calculatorTests.ShortTerm"/>
  <testcase name="runTestCase" time="1.467" classname="calculatorTests.ShortTerm"/>
  <testcase name="runTestCase" time="1.472" classname="calculatorTests.ShortTerm">
    <failure type="java.lang.AssertionError" message="expected [Error! Wrong Time format is used] but found [$ 112.00]">
      <![CDATA[java.lang.AssertionError: expected [Error! Wrong Time format is used] but found [$ 112.00]
	at calculatorTests.ShortTerm.runTestCase(ShortTerm.java:57)
... Removed 31 stack frames]]>
    </failure>
  </testcase> <!-- runTestCase -->
  <testcase name="runTestCase" time="1.45" classname="calculatorTests.ShortTerm">
    <failure type="java.lang.AssertionError" message="expected [ERROR! YOUR EXIT DATE OR TIME IS BEFORE YOUR ENTRY DATE OR TIME] but found [$ 0.00]">
      <![CDATA[java.lang.AssertionError: expected [ERROR! YOUR EXIT DATE OR TIME IS BEFORE YOUR ENTRY DATE OR TIME] but found [$ 0.00]
	at calculatorTests.ShortTerm.runTestCase(ShortTerm.java:57)
... Removed 31 stack frames]]>
    </failure>
  </testcase> <!-- runTestCase -->
  <testcase name="runTestCase" time="1.409" classname="calculatorTests.ShortTerm"/>
  <testcase name="runTestCase" time="1.215" classname="calculatorTests.ShortTerm"/>
  <testcase name="runTestCase" time="1.176" classname="calculatorTests.ShortTerm">
    <failure type="java.lang.AssertionError" message="expected [ERROR! Invalid Date] but found [$ 174,974.00]">
      <![CDATA[java.lang.AssertionError: expected [ERROR! Invalid Date] but found [$ 174,974.00]
	at calculatorTests.ShortTerm.runTestCase(ShortTerm.java:57)
... Removed 31 stack frames]]>
    </failure>
  </testcase> <!-- runTestCase -->
  <testcase name="runTestCase" time="1.493" classname="calculatorTests.ShortTerm">
    <failure type="java.lang.AssertionError" message="expected [Error! Invalid Date] but found [$ 78.00]">
      <![CDATA[java.lang.AssertionError: expected [Error! Invalid Date] but found [$ 78.00]
	at calculatorTests.ShortTerm.runTestCase(ShortTerm.java:57)
... Removed 31 stack frames]]>
    </failure>
  </testcase> <!-- runTestCase -->
  <testcase name="runTestCase" time="1.486" classname="calculatorTests.ShortTerm">
    <failure type="java.lang.AssertionError" message="expected [Error! Invalid Date] but found [$ 808.00]">
      <![CDATA[java.lang.AssertionError: expected [Error! Invalid Date] but found [$ 808.00]
	at calculatorTests.ShortTerm.runTestCase(ShortTerm.java:57)
... Removed 31 stack frames]]>
    </failure>
  </testcase> <!-- runTestCase -->
  <testcase name="runTestCase" time="1.342" classname="calculatorTests.ShortTerm">
    <failure type="java.lang.AssertionError" message="expected [Error! Invalid Time] but found [$ 28.00]">
      <![CDATA[java.lang.AssertionError: expected [Error! Invalid Time] but found [$ 28.00]
	at calculatorTests.ShortTerm.runTestCase(ShortTerm.java:57)
... Removed 31 stack frames]]>
    </failure>
  </testcase> <!-- runTestCase -->
  <testcase name="runTestCase" time="1.454" classname="calculatorTests.ShortTerm"/>
  <testcase name="runTestCase" time="1.375" classname="calculatorTests.ShortTerm"/>
  <testcase name="runTestCase" time="1.43" classname="calculatorTests.ShortTerm"/>
  <testcase name="runTestCase" time="1.42" classname="calculatorTests.ShortTerm"/>
  <testcase name="runTestCase" time="1.438" classname="calculatorTests.ShortTerm"/>
  <testcase name="runTestCase" time="1.435" classname="calculatorTests.ShortTerm"/>
  <testcase name="runTestCase" time="1.429" classname="calculatorTests.ShortTerm">
    <failure type="java.lang.AssertionError" message="expected [Error! Wrong Time format is used] but found [$ 132.00]">
      <![CDATA[java.lang.AssertionError: expected [Error! Wrong Time format is used] but found [$ 132.00]
	at calculatorTests.ShortTerm.runTestCase(ShortTerm.java:57)
... Removed 30 stack frames]]>
    </failure>
  </testcase> <!-- runTestCase -->
  <testcase name="runTestCase" time="1.513" classname="calculatorTests.ShortTerm">
    <failure type="java.lang.AssertionError" message="expected [ERROR! YOUR EXIT DATE OR TIME IS BEFORE YOUR ENTRY DATE OR TIME] but found [$ 0.00]">
      <![CDATA[java.lang.AssertionError: expected [ERROR! YOUR EXIT DATE OR TIME IS BEFORE YOUR ENTRY DATE OR TIME] but found [$ 0.00]
	at calculatorTests.ShortTerm.runTestCase(ShortTerm.java:57)
... Removed 30 stack frames]]>
    </failure>
  </testcase> <!-- runTestCase -->
  <testcase name="runTestCase" time="1.594" classname="calculatorTests.ShortTerm"/>
  <testcase name="runTestCase" time="1.339" classname="calculatorTests.ShortTerm"/>
  <testcase name="runTestCase" time="1.196" classname="calculatorTests.ShortTerm">
    <failure type="java.lang.AssertionError" message="expected [ERROR! Invalid Date] but found [$ 201,900.00]">
      <![CDATA[java.lang.AssertionError: expected [ERROR! Invalid Date] but found [$ 201,900.00]
	at calculatorTests.ShortTerm.runTestCase(ShortTerm.java:57)
... Removed 30 stack frames]]>
    </failure>
  </testcase> <!-- runTestCase -->
  <testcase name="runTestCase" time="1.37" classname="calculatorTests.ShortTerm">
    <failure type="java.lang.AssertionError" message="expected [Error! Invalid Date] but found [$ 90.00]">
      <![CDATA[java.lang.AssertionError: expected [Error! Invalid Date] but found [$ 90.00]
	at calculatorTests.ShortTerm.runTestCase(ShortTerm.java:57)
... Removed 30 stack frames]]>
    </failure>
  </testcase> <!-- runTestCase -->
  <testcase name="runTestCase" time="1.436" classname="calculatorTests.ShortTerm">
    <failure type="java.lang.AssertionError" message="expected [Error! Invalid Date] but found [$ 942.00]">
      <![CDATA[java.lang.AssertionError: expected [Error! Invalid Date] but found [$ 942.00]
	at calculatorTests.ShortTerm.runTestCase(ShortTerm.java:57)
... Removed 30 stack frames]]>
    </failure>
  </testcase> <!-- runTestCase -->
  <testcase name="runTestCase" time="1.491" classname="calculatorTests.ShortTerm">
    <failure type="java.lang.AssertionError" message="expected [Error! Invalid Time] but found [$ 42.00]">
      <![CDATA[java.lang.AssertionError: expected [Error! Invalid Time] but found [$ 42.00]
	at calculatorTests.ShortTerm.runTestCase(ShortTerm.java:57)
... Removed 30 stack frames]]>
    </failure>
  </testcase> <!-- runTestCase -->
</testsuite> <!-- allTests -->
