<?xml version="1.0" encoding="UTF-8"?>
<!-- Generated by org.testng.reporters.JUnitXMLReporter -->
<testsuite hostname="rppendya-MOBL1" ignored="2" name="positiveTestsForShortTerm" tests="6" failures="0" timestamp="30 May 2018 05:15:14 GMT" time="30.401" errors="0">
  <testcase name="runTestCase" time="1.148" classname="calculatorTests.ShortTerm"/>
  <testcase name="runTestCase" time="1.075" classname="calculatorTests.ShortTerm"/>
  <testcase name="runTestCase" time="1.001" classname="calculatorTests.ShortTerm"/>
  <testcase name="runTestCase" time="1.119" classname="calculatorTests.LongTerm"/>
  <testcase name="runTestCase" time="1.175" classname="calculatorTests.LongTerm"/>
  <testcase name="runTestCase" time="1.069" classname="calculatorTests.LongTerm"/>
  <testcase name="@BeforeTest beforeTest" time="0.0" classname="calculatorTests.TestSuiteParent">
    <ignored/>
  </testcase> <!-- @BeforeTest beforeTest -->
  <testcase name="@AfterTest afterTest" time="0.0" classname="calculatorTests.TestSuiteParent">
    <ignored/>
  </testcase> <!-- @AfterTest afterTest -->
</testsuite> <!-- positiveTestsForShortTerm -->
