<?xml version="1.0" encoding="UTF-8"?>
<!-- Generated by org.testng.reporters.JUnitXMLReporter -->
<testsuite hostname="rppendya-MOBL1" ignored="0" name="positiveTestsForShortTerm" tests="2" failures="0" timestamp="27 May 2018 07:20:44 GMT" time="16.978" errors="0">
  <testcase name="checkPositiveCase" time="1.508" classname="calculator.ShortTermPositive"/>
  <testcase name="checkPositiveCase1" time="1.043" classname="calculator.ShortTermPositive"/>
</testsuite> <!-- positiveTestsForShortTerm -->
